04-Mar-2024 16:38:08.163 信息 [main] org.apache.catalina.startup.VersionLoggerListener.log Server.服务器版本: Apache Tomcat/8.5.99
04-Mar-2024 16:38:08.167 信息 [main] org.apache.catalina.startup.VersionLoggerListener.log 服务器构建:        Feb 14 2024 22:52:13 UTC
04-Mar-2024 16:38:08.167 信息 [main] org.apache.catalina.startup.VersionLoggerListener.log 服务器版本号:      8.5.99.0
04-Mar-2024 16:38:08.167 信息 [main] org.apache.catalina.startup.VersionLoggerListener.log 操作系统名称:      Windows 11
04-Mar-2024 16:38:08.167 信息 [main] org.apache.catalina.startup.VersionLoggerListener.log OS.版本:           10.0
04-Mar-2024 16:38:08.167 信息 [main] org.apache.catalina.startup.VersionLoggerListener.log 架构:              amd64
04-Mar-2024 16:38:08.167 信息 [main] org.apache.catalina.startup.VersionLoggerListener.log Java 环境变量:     C:\Users\86152\.jdks\corretto-1.8.0_402\jre
04-Mar-2024 16:38:08.167 信息 [main] org.apache.catalina.startup.VersionLoggerListener.log Java虚拟机版本:    1.8.0_402-b08
04-Mar-2024 16:38:08.167 信息 [main] org.apache.catalina.startup.VersionLoggerListener.log JVM.供应商:        Amazon.com Inc.
04-Mar-2024 16:38:08.167 信息 [main] org.apache.catalina.startup.VersionLoggerListener.log CATALINA_BASE:     D:\欧阳\AndroidApp开发进阶源码\HttpServer\src\com\websocket\server
04-Mar-2024 16:38:08.169 信息 [main] org.apache.catalina.startup.VersionLoggerListener.log CATALINA_HOME:     D:\tomcat\apache-tomcat-8.5.99-windows-x64\apache-tomcat-8.5.99
04-Mar-2024 16:38:08.169 信息 [main] org.apache.catalina.startup.VersionLoggerListener.log 命令行参数：       -Dcatalina.home=D:\tomcat\apache-tomcat-8.5.99-windows-x64\apache-tomcat-8.5.99
04-Mar-2024 16:38:08.169 信息 [main] org.apache.catalina.startup.VersionLoggerListener.log 命令行参数：       -Dcatalina.base=D:\欧阳\AndroidApp开发进阶源码\HttpServer\src\com\websocket\server
04-Mar-2024 16:38:08.169 信息 [main] org.apache.catalina.startup.VersionLoggerListener.log 命令行参数：       -Djava.io.tmpdir=D:\欧阳\AndroidApp开发进阶源码\HttpServer\src\com\websocket\server\temp
04-Mar-2024 16:38:08.170 信息 [main] org.apache.catalina.startup.VersionLoggerListener.log 命令行参数：       -Djava.util.logging.config.file=D:\欧阳\AndroidApp开发进阶源码\HttpServer\src\com\websocket\server\conf\logging.properties
04-Mar-2024 16:38:08.170 信息 [main] org.apache.catalina.startup.VersionLoggerListener.log 命令行参数：       -Djava.util.logging.manager=org.apache.juli.ClassLoaderLogManager
04-Mar-2024 16:38:08.170 信息 [main] org.apache.catalina.startup.VersionLoggerListener.log 命令行参数：       -javaagent:D:\IEDA\IntelliJ IDEA Community Edition\lib\idea_rt.jar=55027:D:\IEDA\IntelliJ IDEA Community Edition\bin
04-Mar-2024 16:38:08.170 信息 [main] org.apache.catalina.startup.VersionLoggerListener.log 命令行参数：       -Dfile.encoding=UTF-8
04-Mar-2024 16:38:08.170 信息 [main] org.apache.catalina.core.AprLifecycleListener.lifecycleEvent 在java.library.path:[C:\Users\86152\.jdks\corretto-1.8.0_402\bin;C:\WINDOWS\Sun\Java\bin;C:\WINDOWS\system32;C:\WINDOWS;C:\WINDOWS\system32;C:\WINDOWS;C:\WINDOWS\System32\Wbem;C:\WINDOWS\System32\WindowsPowerShell\v1.0\;C:\WINDOWS\System32\OpenSSH\;C:\Program Files (x86)\dotnet\;C:\Program Files\dotnet\;C:\MATLAB7\bin\win32;C:\temp\bin\win32;D:\BANDZIP\Bandizip\;C:\Program Files (x86)\Microsoft SQL Server\110\Tools\Binn\;C:\Program Files\Microsoft SQL Server\110\Tools\Binn\;C:\Program Files\Microsoft SQL Server\110\DTS\Binn\;C:\Program Files (x86)\Microsoft SQL Server\110\Tools\Binn\ManagementStudio\;C:\Program Files (x86)\Microsoft Visual Studio 10.0\Common7\IDE\PrivateAssemblies\;C:\Program Files (x86)\Microsoft SQL Server\110\DTS\Binn\;C:\Program Files\Git\cmd;D:\Python\Scripts\;D:\Python\;C:\Users\86152\AppData\Local\Microsoft\WindowsApps;C:\Users\86152\.dotnet\tools;C:\Users\86152\AppData\Local\JetBrains\Toolbox\scripts;;%USERPROFILE%\AppData\Local\Microsoft\WindowsApps;.]上找不到基于APR的Apache Tomcat本机库，该库允许在生产环境中获得最佳性能
04-Mar-2024 16:38:08.270 信息 [main] org.apache.coyote.AbstractProtocol.init 初始化协议处理器 ["http-nio-8080"]
04-Mar-2024 16:38:08.280 严重 [main] org.apache.catalina.core.StandardService.initInternal Failed to initialize connector [Connector["http-nio-8080"]]
	org.apache.catalina.LifecycleException: 协议处理程序初始化失败
		at org.apache.catalina.connector.Connector.initInternal(Connector.java:1075)
		at org.apache.catalina.util.LifecycleBase.init(LifecycleBase.java:127)
		at org.apache.catalina.core.StandardService.initInternal(StandardService.java:564)
		at org.apache.catalina.util.LifecycleBase.init(LifecycleBase.java:127)
		at org.apache.catalina.core.StandardServer.initInternal(StandardServer.java:861)
		at org.apache.catalina.util.LifecycleBase.init(LifecycleBase.java:127)
		at org.apache.catalina.startup.Catalina.load(Catalina.java:596)
		at org.apache.catalina.startup.Catalina.load(Catalina.java:619)
		at sun.reflect.NativeMethodAccessorImpl.invoke0(Native Method)
		at sun.reflect.NativeMethodAccessorImpl.invoke(NativeMethodAccessorImpl.java:62)
		at sun.reflect.DelegatingMethodAccessorImpl.invoke(DelegatingMethodAccessorImpl.java:43)
		at java.lang.reflect.Method.invoke(Method.java:498)
		at org.apache.catalina.startup.Bootstrap.load(Bootstrap.java:302)
		at org.apache.catalina.startup.Bootstrap.main(Bootstrap.java:475)
	Caused by: java.net.BindException: Address already in use: bind
		at sun.nio.ch.Net.bind0(Native Method)
		at sun.nio.ch.Net.bind(Net.java:461)
		at sun.nio.ch.Net.bind(Net.java:453)
		at sun.nio.ch.ServerSocketChannelImpl.bind(ServerSocketChannelImpl.java:222)
		at sun.nio.ch.ServerSocketAdaptor.bind(ServerSocketAdaptor.java:85)
		at org.apache.tomcat.util.net.NioEndpoint.initServerSocket(NioEndpoint.java:226)
		at org.apache.tomcat.util.net.NioEndpoint.bind(NioEndpoint.java:202)
		at org.apache.tomcat.util.net.AbstractEndpoint.bindWithCleanup(AbstractEndpoint.java:1328)
		at org.apache.tomcat.util.net.AbstractEndpoint.init(AbstractEndpoint.java:1341)
		at org.apache.tomcat.util.net.AbstractJsseEndpoint.init(AbstractJsseEndpoint.java:235)
		at org.apache.coyote.AbstractProtocol.init(AbstractProtocol.java:695)
		at org.apache.coyote.http11.AbstractHttp11Protocol.init(AbstractHttp11Protocol.java:76)
		at org.apache.catalina.connector.Connector.initInternal(Connector.java:1073)
		... 13 more
04-Mar-2024 16:38:08.281 信息 [main] org.apache.catalina.startup.Catalina.load Initialization processed in 527 ms
04-Mar-2024 16:38:08.371 信息 [main] org.apache.catalina.core.StandardService.startInternal 正在启动服务[Catalina]
04-Mar-2024 16:38:08.371 信息 [main] org.apache.catalina.core.StandardEngine.startInternal 正在启动 Servlet 引擎：[Apache Tomcat/8.5.99]
04-Mar-2024 16:38:08.391 信息 [localhost-startStop-1] org.apache.catalina.startup.HostConfig.deployDescriptor 正在部署部署描述符[D:\欧阳\AndroidApp开发进阶源码\HttpServer\src\com\websocket\server\conf\Catalina\localhost\HttpServer.xml]。
04-Mar-2024 16:38:13.650 信息 [localhost-startStop-1] org.apache.jasper.servlet.TldScanner.scanJars 至少有一个JAR被扫描用于TLD但尚未包含TLD。 为此记录器启用调试日志记录，以获取已扫描但未在其中找到TLD的完整JAR列表。 在扫描期间跳过不需要的JAR可以缩短启动时间和JSP编译时间。
04-Mar-2024 16:38:14.242 警告 [localhost-startStop-1] org.apache.catalina.util.SessionIdGeneratorBase.createSecureRandom 使用[SHA1PRNG]创建会话ID生成的SecureRandom实例花费了[560]毫秒。
04-Mar-2024 16:38:14.263 信息 [localhost-startStop-1] org.apache.catalina.startup.HostConfig.deployDescriptor 部署描述符[D:\欧阳\AndroidApp开发进阶源码\HttpServer\src\com\websocket\server\conf\Catalina\localhost\HttpServer.xml]的部署已在[5,872]ms内完成
04-Mar-2024 16:38:14.267 信息 [main] org.apache.catalina.startup.Catalina.start Server startup in 5986 ms
04-Mar-2024 16:38:14.273 严重 [main] org.apache.catalina.core.StandardServer.await 无法在地址[localhost]和端口[8005]上创建服务器关闭套接字（基本端口[8005]和偏移量[0]）
	java.net.BindException: Address already in use: JVM_Bind
		at java.net.DualStackPlainSocketImpl.bind0(Native Method)
		at java.net.DualStackPlainSocketImpl.socketBind(DualStackPlainSocketImpl.java:106)
		at java.net.AbstractPlainSocketImpl.bind(AbstractPlainSocketImpl.java:387)
		at java.net.PlainSocketImpl.bind(PlainSocketImpl.java:190)
		at java.net.ServerSocket.bind(ServerSocket.java:390)
		at java.net.ServerSocket.<init>(ServerSocket.java:252)
		at org.apache.catalina.core.StandardServer.await(StandardServer.java:444)
		at org.apache.catalina.startup.Catalina.await(Catalina.java:730)
		at org.apache.catalina.startup.Catalina.start(Catalina.java:678)
		at sun.reflect.NativeMethodAccessorImpl.invoke0(Native Method)
		at sun.reflect.NativeMethodAccessorImpl.invoke(NativeMethodAccessorImpl.java:62)
		at sun.reflect.DelegatingMethodAccessorImpl.invoke(DelegatingMethodAccessorImpl.java:43)
		at java.lang.reflect.Method.invoke(Method.java:498)
		at org.apache.catalina.startup.Bootstrap.start(Bootstrap.java:345)
		at org.apache.catalina.startup.Bootstrap.main(Bootstrap.java:476)
04-Mar-2024 16:38:14.273 信息 [main] org.apache.coyote.AbstractProtocol.pause 暂停ProtocolHandler["http-nio-8080"]
04-Mar-2024 16:38:14.273 信息 [main] org.apache.catalina.core.StandardService.stopInternal 正在停止服务[Catalina]
04-Mar-2024 16:38:14.280 信息 [main] org.apache.coyote.AbstractProtocol.stop 正在停止ProtocolHandler ["http-nio-8080"]
04-Mar-2024 16:38:14.280 信息 [main] org.apache.coyote.AbstractProtocol.destroy 正在摧毁协议处理器 ["http-nio-8080"]
04-Mar-2024 16:46:10.518 信息 [main] org.apache.catalina.startup.VersionLoggerListener.log Server.服务器版本: Apache Tomcat/8.5.99
04-Mar-2024 16:46:10.522 信息 [main] org.apache.catalina.startup.VersionLoggerListener.log 服务器构建:        Feb 14 2024 22:52:13 UTC
04-Mar-2024 16:46:10.522 信息 [main] org.apache.catalina.startup.VersionLoggerListener.log 服务器版本号:      8.5.99.0
04-Mar-2024 16:46:10.522 信息 [main] org.apache.catalina.startup.VersionLoggerListener.log 操作系统名称:      Windows 11
04-Mar-2024 16:46:10.522 信息 [main] org.apache.catalina.startup.VersionLoggerListener.log OS.版本:           10.0
04-Mar-2024 16:46:10.522 信息 [main] org.apache.catalina.startup.VersionLoggerListener.log 架构:              amd64
04-Mar-2024 16:46:10.522 信息 [main] org.apache.catalina.startup.VersionLoggerListener.log Java 环境变量:     C:\Users\86152\.jdks\corretto-1.8.0_402\jre
04-Mar-2024 16:46:10.523 信息 [main] org.apache.catalina.startup.VersionLoggerListener.log Java虚拟机版本:    1.8.0_402-b08
04-Mar-2024 16:46:10.523 信息 [main] org.apache.catalina.startup.VersionLoggerListener.log JVM.供应商:        Amazon.com Inc.
04-Mar-2024 16:46:10.523 信息 [main] org.apache.catalina.startup.VersionLoggerListener.log CATALINA_BASE:     D:\欧阳\AndroidApp开发进阶源码\HttpServer\src\com\websocket\server
04-Mar-2024 16:46:10.523 信息 [main] org.apache.catalina.startup.VersionLoggerListener.log CATALINA_HOME:     D:\tomcat\apache-tomcat-8.5.99-windows-x64\apache-tomcat-8.5.99
04-Mar-2024 16:46:10.523 信息 [main] org.apache.catalina.startup.VersionLoggerListener.log 命令行参数：       -Dcatalina.home=D:\tomcat\apache-tomcat-8.5.99-windows-x64\apache-tomcat-8.5.99
04-Mar-2024 16:46:10.523 信息 [main] org.apache.catalina.startup.VersionLoggerListener.log 命令行参数：       -Dcatalina.base=D:\欧阳\AndroidApp开发进阶源码\HttpServer\src\com\websocket\server
04-Mar-2024 16:46:10.523 信息 [main] org.apache.catalina.startup.VersionLoggerListener.log 命令行参数：       -Djava.io.tmpdir=D:\欧阳\AndroidApp开发进阶源码\HttpServer\src\com\websocket\server\temp
04-Mar-2024 16:46:10.523 信息 [main] org.apache.catalina.startup.VersionLoggerListener.log 命令行参数：       -Djava.util.logging.config.file=D:\欧阳\AndroidApp开发进阶源码\HttpServer\src\com\websocket\server\conf\logging.properties
04-Mar-2024 16:46:10.523 信息 [main] org.apache.catalina.startup.VersionLoggerListener.log 命令行参数：       -Djava.util.logging.manager=org.apache.juli.ClassLoaderLogManager
04-Mar-2024 16:46:10.523 信息 [main] org.apache.catalina.startup.VersionLoggerListener.log 命令行参数：       -javaagent:D:\IEDA\IntelliJ IDEA Community Edition\lib\idea_rt.jar=55249:D:\IEDA\IntelliJ IDEA Community Edition\bin
04-Mar-2024 16:46:10.525 信息 [main] org.apache.catalina.startup.VersionLoggerListener.log 命令行参数：       -Dfile.encoding=UTF-8
04-Mar-2024 16:46:10.525 信息 [main] org.apache.catalina.core.AprLifecycleListener.lifecycleEvent 在java.library.path:[C:\Users\86152\.jdks\corretto-1.8.0_402\bin;C:\WINDOWS\Sun\Java\bin;C:\WINDOWS\system32;C:\WINDOWS;C:\WINDOWS\system32;C:\WINDOWS;C:\WINDOWS\System32\Wbem;C:\WINDOWS\System32\WindowsPowerShell\v1.0\;C:\WINDOWS\System32\OpenSSH\;C:\Program Files (x86)\dotnet\;C:\Program Files\dotnet\;C:\MATLAB7\bin\win32;C:\temp\bin\win32;D:\BANDZIP\Bandizip\;C:\Program Files (x86)\Microsoft SQL Server\110\Tools\Binn\;C:\Program Files\Microsoft SQL Server\110\Tools\Binn\;C:\Program Files\Microsoft SQL Server\110\DTS\Binn\;C:\Program Files (x86)\Microsoft SQL Server\110\Tools\Binn\ManagementStudio\;C:\Program Files (x86)\Microsoft Visual Studio 10.0\Common7\IDE\PrivateAssemblies\;C:\Program Files (x86)\Microsoft SQL Server\110\DTS\Binn\;C:\Program Files\Git\cmd;D:\Python\Scripts\;D:\Python\;C:\Users\86152\AppData\Local\Microsoft\WindowsApps;C:\Users\86152\.dotnet\tools;C:\Users\86152\AppData\Local\JetBrains\Toolbox\scripts;;%USERPROFILE%\AppData\Local\Microsoft\WindowsApps;.]上找不到基于APR的Apache Tomcat本机库，该库允许在生产环境中获得最佳性能
04-Mar-2024 16:46:10.642 信息 [main] org.apache.coyote.AbstractProtocol.init 初始化协议处理器 ["http-nio-8080"]
04-Mar-2024 16:46:10.652 严重 [main] org.apache.catalina.core.StandardService.initInternal Failed to initialize connector [Connector["http-nio-8080"]]
	org.apache.catalina.LifecycleException: 协议处理程序初始化失败
		at org.apache.catalina.connector.Connector.initInternal(Connector.java:1075)
		at org.apache.catalina.util.LifecycleBase.init(LifecycleBase.java:127)
		at org.apache.catalina.core.StandardService.initInternal(StandardService.java:564)
		at org.apache.catalina.util.LifecycleBase.init(LifecycleBase.java:127)
		at org.apache.catalina.core.StandardServer.initInternal(StandardServer.java:861)
		at org.apache.catalina.util.LifecycleBase.init(LifecycleBase.java:127)
		at org.apache.catalina.startup.Catalina.load(Catalina.java:596)
		at org.apache.catalina.startup.Catalina.load(Catalina.java:619)
		at sun.reflect.NativeMethodAccessorImpl.invoke0(Native Method)
		at sun.reflect.NativeMethodAccessorImpl.invoke(NativeMethodAccessorImpl.java:62)
		at sun.reflect.DelegatingMethodAccessorImpl.invoke(DelegatingMethodAccessorImpl.java:43)
		at java.lang.reflect.Method.invoke(Method.java:498)
		at org.apache.catalina.startup.Bootstrap.load(Bootstrap.java:302)
		at org.apache.catalina.startup.Bootstrap.main(Bootstrap.java:475)
	Caused by: java.net.BindException: Address already in use: bind
		at sun.nio.ch.Net.bind0(Native Method)
		at sun.nio.ch.Net.bind(Net.java:461)
		at sun.nio.ch.Net.bind(Net.java:453)
		at sun.nio.ch.ServerSocketChannelImpl.bind(ServerSocketChannelImpl.java:222)
		at sun.nio.ch.ServerSocketAdaptor.bind(ServerSocketAdaptor.java:85)
		at org.apache.tomcat.util.net.NioEndpoint.initServerSocket(NioEndpoint.java:226)
		at org.apache.tomcat.util.net.NioEndpoint.bind(NioEndpoint.java:202)
		at org.apache.tomcat.util.net.AbstractEndpoint.bindWithCleanup(AbstractEndpoint.java:1328)
		at org.apache.tomcat.util.net.AbstractEndpoint.init(AbstractEndpoint.java:1341)
		at org.apache.tomcat.util.net.AbstractJsseEndpoint.init(AbstractJsseEndpoint.java:235)
		at org.apache.coyote.AbstractProtocol.init(AbstractProtocol.java:695)
		at org.apache.coyote.http11.AbstractHttp11Protocol.init(AbstractHttp11Protocol.java:76)
		at org.apache.catalina.connector.Connector.initInternal(Connector.java:1073)
		... 13 more
04-Mar-2024 16:46:10.653 信息 [main] org.apache.catalina.startup.Catalina.load Initialization processed in 594 ms
04-Mar-2024 16:46:10.762 信息 [main] org.apache.catalina.core.StandardService.startInternal 正在启动服务[Catalina]
04-Mar-2024 16:46:10.763 信息 [main] org.apache.catalina.core.StandardEngine.startInternal 正在启动 Servlet 引擎：[Apache Tomcat/8.5.99]
04-Mar-2024 16:46:10.784 信息 [localhost-startStop-1] org.apache.catalina.startup.HostConfig.deployDescriptor 正在部署部署描述符[D:\欧阳\AndroidApp开发进阶源码\HttpServer\src\com\websocket\server\conf\Catalina\localhost\HttpServer.xml]。
04-Mar-2024 16:46:16.244 信息 [localhost-startStop-1] org.apache.jasper.servlet.TldScanner.scanJars 至少有一个JAR被扫描用于TLD但尚未包含TLD。 为此记录器启用调试日志记录，以获取已扫描但未在其中找到TLD的完整JAR列表。 在扫描期间跳过不需要的JAR可以缩短启动时间和JSP编译时间。
04-Mar-2024 16:46:16.879 警告 [localhost-startStop-1] org.apache.catalina.util.SessionIdGeneratorBase.createSecureRandom 使用[SHA1PRNG]创建会话ID生成的SecureRandom实例花费了[598]毫秒。
04-Mar-2024 16:46:16.901 信息 [localhost-startStop-1] org.apache.catalina.startup.HostConfig.deployDescriptor 部署描述符[D:\欧阳\AndroidApp开发进阶源码\HttpServer\src\com\websocket\server\conf\Catalina\localhost\HttpServer.xml]的部署已在[6,117]ms内完成
04-Mar-2024 16:46:16.904 信息 [main] org.apache.catalina.startup.Catalina.start Server startup in 6250 ms
04-Mar-2024 16:46:16.917 严重 [main] org.apache.catalina.core.StandardServer.await 无法在地址[localhost]和端口[8005]上创建服务器关闭套接字（基本端口[8005]和偏移量[0]）
	java.net.BindException: Address already in use: JVM_Bind
		at java.net.DualStackPlainSocketImpl.bind0(Native Method)
		at java.net.DualStackPlainSocketImpl.socketBind(DualStackPlainSocketImpl.java:106)
		at java.net.AbstractPlainSocketImpl.bind(AbstractPlainSocketImpl.java:387)
		at java.net.PlainSocketImpl.bind(PlainSocketImpl.java:190)
		at java.net.ServerSocket.bind(ServerSocket.java:390)
		at java.net.ServerSocket.<init>(ServerSocket.java:252)
		at org.apache.catalina.core.StandardServer.await(StandardServer.java:444)
		at org.apache.catalina.startup.Catalina.await(Catalina.java:730)
		at org.apache.catalina.startup.Catalina.start(Catalina.java:678)
		at sun.reflect.NativeMethodAccessorImpl.invoke0(Native Method)
		at sun.reflect.NativeMethodAccessorImpl.invoke(NativeMethodAccessorImpl.java:62)
		at sun.reflect.DelegatingMethodAccessorImpl.invoke(DelegatingMethodAccessorImpl.java:43)
		at java.lang.reflect.Method.invoke(Method.java:498)
		at org.apache.catalina.startup.Bootstrap.start(Bootstrap.java:345)
		at org.apache.catalina.startup.Bootstrap.main(Bootstrap.java:476)
04-Mar-2024 16:46:16.919 信息 [main] org.apache.coyote.AbstractProtocol.pause 暂停ProtocolHandler["http-nio-8080"]
04-Mar-2024 16:46:16.919 信息 [main] org.apache.catalina.core.StandardService.stopInternal 正在停止服务[Catalina]
04-Mar-2024 16:46:16.933 信息 [main] org.apache.coyote.AbstractProtocol.stop 正在停止ProtocolHandler ["http-nio-8080"]
04-Mar-2024 16:46:16.934 信息 [main] org.apache.coyote.AbstractProtocol.destroy 正在摧毁协议处理器 ["http-nio-8080"]
04-Mar-2024 16:50:18.724 信息 [main] org.apache.catalina.startup.VersionLoggerListener.log Server.服务器版本: Apache Tomcat/8.5.99
04-Mar-2024 16:50:18.729 信息 [main] org.apache.catalina.startup.VersionLoggerListener.log 服务器构建:        Feb 14 2024 22:52:13 UTC
04-Mar-2024 16:50:18.730 信息 [main] org.apache.catalina.startup.VersionLoggerListener.log 服务器版本号:      8.5.99.0
04-Mar-2024 16:50:18.730 信息 [main] org.apache.catalina.startup.VersionLoggerListener.log 操作系统名称:      Windows 11
04-Mar-2024 16:50:18.730 信息 [main] org.apache.catalina.startup.VersionLoggerListener.log OS.版本:           10.0
04-Mar-2024 16:50:18.730 信息 [main] org.apache.catalina.startup.VersionLoggerListener.log 架构:              amd64
04-Mar-2024 16:50:18.730 信息 [main] org.apache.catalina.startup.VersionLoggerListener.log Java 环境变量:     C:\Users\86152\.jdks\corretto-1.8.0_402\jre
04-Mar-2024 16:50:18.730 信息 [main] org.apache.catalina.startup.VersionLoggerListener.log Java虚拟机版本:    1.8.0_402-b08
04-Mar-2024 16:50:18.730 信息 [main] org.apache.catalina.startup.VersionLoggerListener.log JVM.供应商:        Amazon.com Inc.
04-Mar-2024 16:50:18.730 信息 [main] org.apache.catalina.startup.VersionLoggerListener.log CATALINA_BASE:     D:\欧阳\AndroidApp开发进阶源码\HttpServer\src\com\websocket\server
04-Mar-2024 16:50:18.730 信息 [main] org.apache.catalina.startup.VersionLoggerListener.log CATALINA_HOME:     D:\tomcat\apache-tomcat-8.5.99-windows-x64\apache-tomcat-8.5.99
04-Mar-2024 16:50:18.731 信息 [main] org.apache.catalina.startup.VersionLoggerListener.log 命令行参数：       -Dcatalina.home=D:\tomcat\apache-tomcat-8.5.99-windows-x64\apache-tomcat-8.5.99
04-Mar-2024 16:50:18.731 信息 [main] org.apache.catalina.startup.VersionLoggerListener.log 命令行参数：       -Dcatalina.base=D:\欧阳\AndroidApp开发进阶源码\HttpServer\src\com\websocket\server
04-Mar-2024 16:50:18.731 信息 [main] org.apache.catalina.startup.VersionLoggerListener.log 命令行参数：       -Djava.io.tmpdir=D:\欧阳\AndroidApp开发进阶源码\HttpServer\src\com\websocket\server\temp
04-Mar-2024 16:50:18.731 信息 [main] org.apache.catalina.startup.VersionLoggerListener.log 命令行参数：       -Djava.util.logging.config.file=D:\欧阳\AndroidApp开发进阶源码\HttpServer\src\com\websocket\server\conf\logging.properties
04-Mar-2024 16:50:18.731 信息 [main] org.apache.catalina.startup.VersionLoggerListener.log 命令行参数：       -Djava.util.logging.manager=org.apache.juli.ClassLoaderLogManager
04-Mar-2024 16:50:18.731 信息 [main] org.apache.catalina.startup.VersionLoggerListener.log 命令行参数：       -javaagent:D:\IEDA\IntelliJ IDEA Community Edition\lib\idea_rt.jar=55378:D:\IEDA\IntelliJ IDEA Community Edition\bin
04-Mar-2024 16:50:18.734 信息 [main] org.apache.catalina.startup.VersionLoggerListener.log 命令行参数：       -Dfile.encoding=UTF-8
04-Mar-2024 16:50:18.734 信息 [main] org.apache.catalina.core.AprLifecycleListener.lifecycleEvent 在java.library.path:[C:\Users\86152\.jdks\corretto-1.8.0_402\bin;C:\WINDOWS\Sun\Java\bin;C:\WINDOWS\system32;C:\WINDOWS;C:\WINDOWS\system32;C:\WINDOWS;C:\WINDOWS\System32\Wbem;C:\WINDOWS\System32\WindowsPowerShell\v1.0\;C:\WINDOWS\System32\OpenSSH\;C:\Program Files (x86)\dotnet\;C:\Program Files\dotnet\;C:\MATLAB7\bin\win32;C:\temp\bin\win32;D:\BANDZIP\Bandizip\;C:\Program Files (x86)\Microsoft SQL Server\110\Tools\Binn\;C:\Program Files\Microsoft SQL Server\110\Tools\Binn\;C:\Program Files\Microsoft SQL Server\110\DTS\Binn\;C:\Program Files (x86)\Microsoft SQL Server\110\Tools\Binn\ManagementStudio\;C:\Program Files (x86)\Microsoft Visual Studio 10.0\Common7\IDE\PrivateAssemblies\;C:\Program Files (x86)\Microsoft SQL Server\110\DTS\Binn\;C:\Program Files\Git\cmd;D:\Python\Scripts\;D:\Python\;C:\Users\86152\AppData\Local\Microsoft\WindowsApps;C:\Users\86152\.dotnet\tools;C:\Users\86152\AppData\Local\JetBrains\Toolbox\scripts;;%USERPROFILE%\AppData\Local\Microsoft\WindowsApps;.]上找不到基于APR的Apache Tomcat本机库，该库允许在生产环境中获得最佳性能
04-Mar-2024 16:50:18.863 信息 [main] org.apache.coyote.AbstractProtocol.init 初始化协议处理器 ["http-nio-8080"]
04-Mar-2024 16:50:18.876 严重 [main] org.apache.catalina.core.StandardService.initInternal Failed to initialize connector [Connector["http-nio-8080"]]
	org.apache.catalina.LifecycleException: 协议处理程序初始化失败
		at org.apache.catalina.connector.Connector.initInternal(Connector.java:1075)
		at org.apache.catalina.util.LifecycleBase.init(LifecycleBase.java:127)
		at org.apache.catalina.core.StandardService.initInternal(StandardService.java:564)
		at org.apache.catalina.util.LifecycleBase.init(LifecycleBase.java:127)
		at org.apache.catalina.core.StandardServer.initInternal(StandardServer.java:861)
		at org.apache.catalina.util.LifecycleBase.init(LifecycleBase.java:127)
		at org.apache.catalina.startup.Catalina.load(Catalina.java:596)
		at org.apache.catalina.startup.Catalina.load(Catalina.java:619)
		at sun.reflect.NativeMethodAccessorImpl.invoke0(Native Method)
		at sun.reflect.NativeMethodAccessorImpl.invoke(NativeMethodAccessorImpl.java:62)
		at sun.reflect.DelegatingMethodAccessorImpl.invoke(DelegatingMethodAccessorImpl.java:43)
		at java.lang.reflect.Method.invoke(Method.java:498)
		at org.apache.catalina.startup.Bootstrap.load(Bootstrap.java:302)
		at org.apache.catalina.startup.Bootstrap.main(Bootstrap.java:475)
	Caused by: java.net.BindException: Address already in use: bind
		at sun.nio.ch.Net.bind0(Native Method)
		at sun.nio.ch.Net.bind(Net.java:461)
		at sun.nio.ch.Net.bind(Net.java:453)
		at sun.nio.ch.ServerSocketChannelImpl.bind(ServerSocketChannelImpl.java:222)
		at sun.nio.ch.ServerSocketAdaptor.bind(ServerSocketAdaptor.java:85)
		at org.apache.tomcat.util.net.NioEndpoint.initServerSocket(NioEndpoint.java:226)
		at org.apache.tomcat.util.net.NioEndpoint.bind(NioEndpoint.java:202)
		at org.apache.tomcat.util.net.AbstractEndpoint.bindWithCleanup(AbstractEndpoint.java:1328)
		at org.apache.tomcat.util.net.AbstractEndpoint.init(AbstractEndpoint.java:1341)
		at org.apache.tomcat.util.net.AbstractJsseEndpoint.init(AbstractJsseEndpoint.java:235)
		at org.apache.coyote.AbstractProtocol.init(AbstractProtocol.java:695)
		at org.apache.coyote.http11.AbstractHttp11Protocol.init(AbstractHttp11Protocol.java:76)
		at org.apache.catalina.connector.Connector.initInternal(Connector.java:1073)
		... 13 more
04-Mar-2024 16:50:18.877 信息 [main] org.apache.catalina.startup.Catalina.load Initialization processed in 682 ms
04-Mar-2024 16:50:18.981 信息 [main] org.apache.catalina.core.StandardService.startInternal 正在启动服务[Catalina]
04-Mar-2024 16:50:18.981 信息 [main] org.apache.catalina.core.StandardEngine.startInternal 正在启动 Servlet 引擎：[Apache Tomcat/8.5.99]
04-Mar-2024 16:50:19.009 信息 [localhost-startStop-1] org.apache.catalina.startup.HostConfig.deployDescriptor 正在部署部署描述符[D:\欧阳\AndroidApp开发进阶源码\HttpServer\src\com\websocket\server\conf\Catalina\localhost\HttpServer#WebSocket.xml]。
04-Mar-2024 16:50:24.410 信息 [localhost-startStop-1] org.apache.jasper.servlet.TldScanner.scanJars 至少有一个JAR被扫描用于TLD但尚未包含TLD。 为此记录器启用调试日志记录，以获取已扫描但未在其中找到TLD的完整JAR列表。 在扫描期间跳过不需要的JAR可以缩短启动时间和JSP编译时间。
04-Mar-2024 16:50:25.098 警告 [localhost-startStop-1] org.apache.catalina.util.SessionIdGeneratorBase.createSecureRandom 使用[SHA1PRNG]创建会话ID生成的SecureRandom实例花费了[634]毫秒。
04-Mar-2024 16:50:25.126 信息 [localhost-startStop-1] org.apache.catalina.startup.HostConfig.deployDescriptor 部署描述符[D:\欧阳\AndroidApp开发进阶源码\HttpServer\src\com\websocket\server\conf\Catalina\localhost\HttpServer#WebSocket.xml]的部署已在[6,117]ms内完成
04-Mar-2024 16:50:25.129 信息 [main] org.apache.catalina.startup.Catalina.start Server startup in 6253 ms
04-Mar-2024 16:50:25.136 严重 [main] org.apache.catalina.core.StandardServer.await 无法在地址[localhost]和端口[8005]上创建服务器关闭套接字（基本端口[8005]和偏移量[0]）
	java.net.BindException: Address already in use: JVM_Bind
		at java.net.DualStackPlainSocketImpl.bind0(Native Method)
		at java.net.DualStackPlainSocketImpl.socketBind(DualStackPlainSocketImpl.java:106)
		at java.net.AbstractPlainSocketImpl.bind(AbstractPlainSocketImpl.java:387)
		at java.net.PlainSocketImpl.bind(PlainSocketImpl.java:190)
		at java.net.ServerSocket.bind(ServerSocket.java:390)
		at java.net.ServerSocket.<init>(ServerSocket.java:252)
		at org.apache.catalina.core.StandardServer.await(StandardServer.java:444)
		at org.apache.catalina.startup.Catalina.await(Catalina.java:730)
		at org.apache.catalina.startup.Catalina.start(Catalina.java:678)
		at sun.reflect.NativeMethodAccessorImpl.invoke0(Native Method)
		at sun.reflect.NativeMethodAccessorImpl.invoke(NativeMethodAccessorImpl.java:62)
		at sun.reflect.DelegatingMethodAccessorImpl.invoke(DelegatingMethodAccessorImpl.java:43)
		at java.lang.reflect.Method.invoke(Method.java:498)
		at org.apache.catalina.startup.Bootstrap.start(Bootstrap.java:345)
		at org.apache.catalina.startup.Bootstrap.main(Bootstrap.java:476)
04-Mar-2024 16:50:25.137 信息 [main] org.apache.coyote.AbstractProtocol.pause 暂停ProtocolHandler["http-nio-8080"]
04-Mar-2024 16:50:25.137 信息 [main] org.apache.catalina.core.StandardService.stopInternal 正在停止服务[Catalina]
04-Mar-2024 16:50:25.148 信息 [main] org.apache.coyote.AbstractProtocol.stop 正在停止ProtocolHandler ["http-nio-8080"]
04-Mar-2024 16:50:25.148 信息 [main] org.apache.coyote.AbstractProtocol.destroy 正在摧毁协议处理器 ["http-nio-8080"]
04-Mar-2024 16:51:47.381 信息 [main] org.apache.catalina.startup.VersionLoggerListener.log Server.服务器版本: Apache Tomcat/8.5.99
04-Mar-2024 16:51:47.384 信息 [main] org.apache.catalina.startup.VersionLoggerListener.log 服务器构建:        Feb 14 2024 22:52:13 UTC
04-Mar-2024 16:51:47.384 信息 [main] org.apache.catalina.startup.VersionLoggerListener.log 服务器版本号:      8.5.99.0
04-Mar-2024 16:51:47.384 信息 [main] org.apache.catalina.startup.VersionLoggerListener.log 操作系统名称:      Windows 11
04-Mar-2024 16:51:47.384 信息 [main] org.apache.catalina.startup.VersionLoggerListener.log OS.版本:           10.0
04-Mar-2024 16:51:47.386 信息 [main] org.apache.catalina.startup.VersionLoggerListener.log 架构:              amd64
04-Mar-2024 16:51:47.386 信息 [main] org.apache.catalina.startup.VersionLoggerListener.log Java 环境变量:     C:\Users\86152\.jdks\corretto-1.8.0_402\jre
04-Mar-2024 16:51:47.386 信息 [main] org.apache.catalina.startup.VersionLoggerListener.log Java虚拟机版本:    1.8.0_402-b08
04-Mar-2024 16:51:47.386 信息 [main] org.apache.catalina.startup.VersionLoggerListener.log JVM.供应商:        Amazon.com Inc.
04-Mar-2024 16:51:47.388 信息 [main] org.apache.catalina.startup.VersionLoggerListener.log CATALINA_BASE:     D:\欧阳\AndroidApp开发进阶源码\HttpServer\src\com\websocket\server
04-Mar-2024 16:51:47.388 信息 [main] org.apache.catalina.startup.VersionLoggerListener.log CATALINA_HOME:     D:\tomcat\apache-tomcat-8.5.99-windows-x64\apache-tomcat-8.5.99
04-Mar-2024 16:51:47.388 信息 [main] org.apache.catalina.startup.VersionLoggerListener.log 命令行参数：       -Dcatalina.home=D:\tomcat\apache-tomcat-8.5.99-windows-x64\apache-tomcat-8.5.99
04-Mar-2024 16:51:47.388 信息 [main] org.apache.catalina.startup.VersionLoggerListener.log 命令行参数：       -Dcatalina.base=D:\欧阳\AndroidApp开发进阶源码\HttpServer\src\com\websocket\server
04-Mar-2024 16:51:47.388 信息 [main] org.apache.catalina.startup.VersionLoggerListener.log 命令行参数：       -Djava.io.tmpdir=D:\欧阳\AndroidApp开发进阶源码\HttpServer\src\com\websocket\server\temp
04-Mar-2024 16:51:47.388 信息 [main] org.apache.catalina.startup.VersionLoggerListener.log 命令行参数：       -Djava.util.logging.config.file=D:\欧阳\AndroidApp开发进阶源码\HttpServer\src\com\websocket\server\conf\logging.properties
04-Mar-2024 16:51:47.388 信息 [main] org.apache.catalina.startup.VersionLoggerListener.log 命令行参数：       -Djava.util.logging.manager=org.apache.juli.ClassLoaderLogManager
04-Mar-2024 16:51:47.388 信息 [main] org.apache.catalina.startup.VersionLoggerListener.log 命令行参数：       -javaagent:D:\IEDA\IntelliJ IDEA Community Edition\lib\idea_rt.jar=55425:D:\IEDA\IntelliJ IDEA Community Edition\bin
04-Mar-2024 16:51:47.389 信息 [main] org.apache.catalina.startup.VersionLoggerListener.log 命令行参数：       -Dfile.encoding=UTF-8
04-Mar-2024 16:51:47.389 信息 [main] org.apache.catalina.core.AprLifecycleListener.lifecycleEvent 在java.library.path:[C:\Users\86152\.jdks\corretto-1.8.0_402\bin;C:\WINDOWS\Sun\Java\bin;C:\WINDOWS\system32;C:\WINDOWS;C:\WINDOWS\system32;C:\WINDOWS;C:\WINDOWS\System32\Wbem;C:\WINDOWS\System32\WindowsPowerShell\v1.0\;C:\WINDOWS\System32\OpenSSH\;C:\Program Files (x86)\dotnet\;C:\Program Files\dotnet\;C:\MATLAB7\bin\win32;C:\temp\bin\win32;D:\BANDZIP\Bandizip\;C:\Program Files (x86)\Microsoft SQL Server\110\Tools\Binn\;C:\Program Files\Microsoft SQL Server\110\Tools\Binn\;C:\Program Files\Microsoft SQL Server\110\DTS\Binn\;C:\Program Files (x86)\Microsoft SQL Server\110\Tools\Binn\ManagementStudio\;C:\Program Files (x86)\Microsoft Visual Studio 10.0\Common7\IDE\PrivateAssemblies\;C:\Program Files (x86)\Microsoft SQL Server\110\DTS\Binn\;C:\Program Files\Git\cmd;D:\Python\Scripts\;D:\Python\;C:\Users\86152\AppData\Local\Microsoft\WindowsApps;C:\Users\86152\.dotnet\tools;C:\Users\86152\AppData\Local\JetBrains\Toolbox\scripts;;%USERPROFILE%\AppData\Local\Microsoft\WindowsApps;.]上找不到基于APR的Apache Tomcat本机库，该库允许在生产环境中获得最佳性能
04-Mar-2024 16:51:47.503 信息 [main] org.apache.coyote.AbstractProtocol.init 初始化协议处理器 ["http-nio-8080"]
04-Mar-2024 16:51:47.513 严重 [main] org.apache.catalina.core.StandardService.initInternal Failed to initialize connector [Connector["http-nio-8080"]]
	org.apache.catalina.LifecycleException: 协议处理程序初始化失败
		at org.apache.catalina.connector.Connector.initInternal(Connector.java:1075)
		at org.apache.catalina.util.LifecycleBase.init(LifecycleBase.java:127)
		at org.apache.catalina.core.StandardService.initInternal(StandardService.java:564)
		at org.apache.catalina.util.LifecycleBase.init(LifecycleBase.java:127)
		at org.apache.catalina.core.StandardServer.initInternal(StandardServer.java:861)
		at org.apache.catalina.util.LifecycleBase.init(LifecycleBase.java:127)
		at org.apache.catalina.startup.Catalina.load(Catalina.java:596)
		at org.apache.catalina.startup.Catalina.load(Catalina.java:619)
		at sun.reflect.NativeMethodAccessorImpl.invoke0(Native Method)
		at sun.reflect.NativeMethodAccessorImpl.invoke(NativeMethodAccessorImpl.java:62)
		at sun.reflect.DelegatingMethodAccessorImpl.invoke(DelegatingMethodAccessorImpl.java:43)
		at java.lang.reflect.Method.invoke(Method.java:498)
		at org.apache.catalina.startup.Bootstrap.load(Bootstrap.java:302)
		at org.apache.catalina.startup.Bootstrap.main(Bootstrap.java:475)
	Caused by: java.net.BindException: Address already in use: bind
		at sun.nio.ch.Net.bind0(Native Method)
		at sun.nio.ch.Net.bind(Net.java:461)
		at sun.nio.ch.Net.bind(Net.java:453)
		at sun.nio.ch.ServerSocketChannelImpl.bind(ServerSocketChannelImpl.java:222)
		at sun.nio.ch.ServerSocketAdaptor.bind(ServerSocketAdaptor.java:85)
		at org.apache.tomcat.util.net.NioEndpoint.initServerSocket(NioEndpoint.java:226)
		at org.apache.tomcat.util.net.NioEndpoint.bind(NioEndpoint.java:202)
		at org.apache.tomcat.util.net.AbstractEndpoint.bindWithCleanup(AbstractEndpoint.java:1328)
		at org.apache.tomcat.util.net.AbstractEndpoint.init(AbstractEndpoint.java:1341)
		at org.apache.tomcat.util.net.AbstractJsseEndpoint.init(AbstractJsseEndpoint.java:235)
		at org.apache.coyote.AbstractProtocol.init(AbstractProtocol.java:695)
		at org.apache.coyote.http11.AbstractHttp11Protocol.init(AbstractHttp11Protocol.java:76)
		at org.apache.catalina.connector.Connector.initInternal(Connector.java:1073)
		... 13 more
04-Mar-2024 16:51:47.514 信息 [main] org.apache.catalina.startup.Catalina.load Initialization processed in 560 ms
04-Mar-2024 16:51:47.609 信息 [main] org.apache.catalina.core.StandardService.startInternal 正在启动服务[Catalina]
04-Mar-2024 16:51:47.609 信息 [main] org.apache.catalina.core.StandardEngine.startInternal 正在启动 Servlet 引擎：[Apache Tomcat/8.5.99]
04-Mar-2024 16:51:47.631 信息 [localhost-startStop-1] org.apache.catalina.startup.HostConfig.deployDescriptor 正在部署部署描述符[D:\欧阳\AndroidApp开发进阶源码\HttpServer\src\com\websocket\server\conf\Catalina\localhost\HttpServer#WebSocket.xml]。
04-Mar-2024 16:51:52.705 信息 [localhost-startStop-1] org.apache.jasper.servlet.TldScanner.scanJars 至少有一个JAR被扫描用于TLD但尚未包含TLD。 为此记录器启用调试日志记录，以获取已扫描但未在其中找到TLD的完整JAR列表。 在扫描期间跳过不需要的JAR可以缩短启动时间和JSP编译时间。
04-Mar-2024 16:51:53.268 警告 [localhost-startStop-1] org.apache.catalina.util.SessionIdGeneratorBase.createSecureRandom 使用[SHA1PRNG]创建会话ID生成的SecureRandom实例花费了[545]毫秒。
04-Mar-2024 16:51:53.288 信息 [localhost-startStop-1] org.apache.catalina.startup.HostConfig.deployDescriptor 部署描述符[D:\欧阳\AndroidApp开发进阶源码\HttpServer\src\com\websocket\server\conf\Catalina\localhost\HttpServer#WebSocket.xml]的部署已在[5,657]ms内完成
04-Mar-2024 16:51:53.290 信息 [main] org.apache.catalina.startup.Catalina.start Server startup in 5776 ms
04-Mar-2024 16:51:53.296 严重 [main] org.apache.catalina.core.StandardServer.await 无法在地址[localhost]和端口[8005]上创建服务器关闭套接字（基本端口[8005]和偏移量[0]）
	java.net.BindException: Address already in use: JVM_Bind
		at java.net.DualStackPlainSocketImpl.bind0(Native Method)
		at java.net.DualStackPlainSocketImpl.socketBind(DualStackPlainSocketImpl.java:106)
		at java.net.AbstractPlainSocketImpl.bind(AbstractPlainSocketImpl.java:387)
		at java.net.PlainSocketImpl.bind(PlainSocketImpl.java:190)
		at java.net.ServerSocket.bind(ServerSocket.java:390)
		at java.net.ServerSocket.<init>(ServerSocket.java:252)
		at org.apache.catalina.core.StandardServer.await(StandardServer.java:444)
		at org.apache.catalina.startup.Catalina.await(Catalina.java:730)
		at org.apache.catalina.startup.Catalina.start(Catalina.java:678)
		at sun.reflect.NativeMethodAccessorImpl.invoke0(Native Method)
		at sun.reflect.NativeMethodAccessorImpl.invoke(NativeMethodAccessorImpl.java:62)
		at sun.reflect.DelegatingMethodAccessorImpl.invoke(DelegatingMethodAccessorImpl.java:43)
		at java.lang.reflect.Method.invoke(Method.java:498)
		at org.apache.catalina.startup.Bootstrap.start(Bootstrap.java:345)
		at org.apache.catalina.startup.Bootstrap.main(Bootstrap.java:476)
04-Mar-2024 16:51:53.296 信息 [main] org.apache.coyote.AbstractProtocol.pause 暂停ProtocolHandler["http-nio-8080"]
04-Mar-2024 16:51:53.296 信息 [main] org.apache.catalina.core.StandardService.stopInternal 正在停止服务[Catalina]
04-Mar-2024 16:51:53.303 信息 [main] org.apache.coyote.AbstractProtocol.stop 正在停止ProtocolHandler ["http-nio-8080"]
04-Mar-2024 16:51:53.303 信息 [main] org.apache.coyote.AbstractProtocol.destroy 正在摧毁协议处理器 ["http-nio-8080"]
04-Mar-2024 16:53:47.989 信息 [main] org.apache.catalina.startup.VersionLoggerListener.log Server.服务器版本: Apache Tomcat/8.5.99
04-Mar-2024 16:53:47.992 信息 [main] org.apache.catalina.startup.VersionLoggerListener.log 服务器构建:        Feb 14 2024 22:52:13 UTC
04-Mar-2024 16:53:47.993 信息 [main] org.apache.catalina.startup.VersionLoggerListener.log 服务器版本号:      8.5.99.0
04-Mar-2024 16:53:47.993 信息 [main] org.apache.catalina.startup.VersionLoggerListener.log 操作系统名称:      Windows 11
04-Mar-2024 16:53:47.993 信息 [main] org.apache.catalina.startup.VersionLoggerListener.log OS.版本:           10.0
04-Mar-2024 16:53:47.993 信息 [main] org.apache.catalina.startup.VersionLoggerListener.log 架构:              amd64
04-Mar-2024 16:53:47.993 信息 [main] org.apache.catalina.startup.VersionLoggerListener.log Java 环境变量:     C:\Users\86152\.jdks\corretto-1.8.0_402\jre
04-Mar-2024 16:53:47.993 信息 [main] org.apache.catalina.startup.VersionLoggerListener.log Java虚拟机版本:    1.8.0_402-b08
04-Mar-2024 16:53:47.993 信息 [main] org.apache.catalina.startup.VersionLoggerListener.log JVM.供应商:        Amazon.com Inc.
04-Mar-2024 16:53:47.995 信息 [main] org.apache.catalina.startup.VersionLoggerListener.log CATALINA_BASE:     D:\欧阳\AndroidApp开发进阶源码\HttpServer\src\com\websocket\server
04-Mar-2024 16:53:47.995 信息 [main] org.apache.catalina.startup.VersionLoggerListener.log CATALINA_HOME:     D:\tomcat\apache-tomcat-8.5.99-windows-x64\apache-tomcat-8.5.99
04-Mar-2024 16:53:47.995 信息 [main] org.apache.catalina.startup.VersionLoggerListener.log 命令行参数：       -Dcatalina.home=D:\tomcat\apache-tomcat-8.5.99-windows-x64\apache-tomcat-8.5.99
04-Mar-2024 16:53:47.996 信息 [main] org.apache.catalina.startup.VersionLoggerListener.log 命令行参数：       -Dcatalina.base=D:\欧阳\AndroidApp开发进阶源码\HttpServer\src\com\websocket\server
04-Mar-2024 16:53:47.996 信息 [main] org.apache.catalina.startup.VersionLoggerListener.log 命令行参数：       -Djava.io.tmpdir=D:\欧阳\AndroidApp开发进阶源码\HttpServer\src\com\websocket\server\temp
04-Mar-2024 16:53:47.996 信息 [main] org.apache.catalina.startup.VersionLoggerListener.log 命令行参数：       -Djava.util.logging.config.file=D:\欧阳\AndroidApp开发进阶源码\HttpServer\src\com\websocket\server\conf\logging.properties
04-Mar-2024 16:53:47.996 信息 [main] org.apache.catalina.startup.VersionLoggerListener.log 命令行参数：       -Djava.util.logging.manager=org.apache.juli.ClassLoaderLogManager
04-Mar-2024 16:53:47.996 信息 [main] org.apache.catalina.startup.VersionLoggerListener.log 命令行参数：       -javaagent:D:\IEDA\IntelliJ IDEA Community Edition\lib\idea_rt.jar=55482:D:\IEDA\IntelliJ IDEA Community Edition\bin
04-Mar-2024 16:53:47.996 信息 [main] org.apache.catalina.startup.VersionLoggerListener.log 命令行参数：       -Dfile.encoding=UTF-8
04-Mar-2024 16:53:47.996 信息 [main] org.apache.catalina.core.AprLifecycleListener.lifecycleEvent 在java.library.path:[C:\Users\86152\.jdks\corretto-1.8.0_402\bin;C:\WINDOWS\Sun\Java\bin;C:\WINDOWS\system32;C:\WINDOWS;C:\WINDOWS\system32;C:\WINDOWS;C:\WINDOWS\System32\Wbem;C:\WINDOWS\System32\WindowsPowerShell\v1.0\;C:\WINDOWS\System32\OpenSSH\;C:\Program Files (x86)\dotnet\;C:\Program Files\dotnet\;C:\MATLAB7\bin\win32;C:\temp\bin\win32;D:\BANDZIP\Bandizip\;C:\Program Files (x86)\Microsoft SQL Server\110\Tools\Binn\;C:\Program Files\Microsoft SQL Server\110\Tools\Binn\;C:\Program Files\Microsoft SQL Server\110\DTS\Binn\;C:\Program Files (x86)\Microsoft SQL Server\110\Tools\Binn\ManagementStudio\;C:\Program Files (x86)\Microsoft Visual Studio 10.0\Common7\IDE\PrivateAssemblies\;C:\Program Files (x86)\Microsoft SQL Server\110\DTS\Binn\;C:\Program Files\Git\cmd;D:\Python\Scripts\;D:\Python\;C:\Users\86152\AppData\Local\Microsoft\WindowsApps;C:\Users\86152\.dotnet\tools;C:\Users\86152\AppData\Local\JetBrains\Toolbox\scripts;;%USERPROFILE%\AppData\Local\Microsoft\WindowsApps;.]上找不到基于APR的Apache Tomcat本机库，该库允许在生产环境中获得最佳性能
04-Mar-2024 16:53:48.100 信息 [main] org.apache.coyote.AbstractProtocol.init 初始化协议处理器 ["http-nio-8080"]
04-Mar-2024 16:53:48.109 严重 [main] org.apache.catalina.core.StandardService.initInternal Failed to initialize connector [Connector["http-nio-8080"]]
	org.apache.catalina.LifecycleException: 协议处理程序初始化失败
		at org.apache.catalina.connector.Connector.initInternal(Connector.java:1075)
		at org.apache.catalina.util.LifecycleBase.init(LifecycleBase.java:127)
		at org.apache.catalina.core.StandardService.initInternal(StandardService.java:564)
		at org.apache.catalina.util.LifecycleBase.init(LifecycleBase.java:127)
		at org.apache.catalina.core.StandardServer.initInternal(StandardServer.java:861)
		at org.apache.catalina.util.LifecycleBase.init(LifecycleBase.java:127)
		at org.apache.catalina.startup.Catalina.load(Catalina.java:596)
		at org.apache.catalina.startup.Catalina.load(Catalina.java:619)
		at sun.reflect.NativeMethodAccessorImpl.invoke0(Native Method)
		at sun.reflect.NativeMethodAccessorImpl.invoke(NativeMethodAccessorImpl.java:62)
		at sun.reflect.DelegatingMethodAccessorImpl.invoke(DelegatingMethodAccessorImpl.java:43)
		at java.lang.reflect.Method.invoke(Method.java:498)
		at org.apache.catalina.startup.Bootstrap.load(Bootstrap.java:302)
		at org.apache.catalina.startup.Bootstrap.main(Bootstrap.java:475)
	Caused by: java.net.BindException: Address already in use: bind
		at sun.nio.ch.Net.bind0(Native Method)
		at sun.nio.ch.Net.bind(Net.java:461)
		at sun.nio.ch.Net.bind(Net.java:453)
		at sun.nio.ch.ServerSocketChannelImpl.bind(ServerSocketChannelImpl.java:222)
		at sun.nio.ch.ServerSocketAdaptor.bind(ServerSocketAdaptor.java:85)
		at org.apache.tomcat.util.net.NioEndpoint.initServerSocket(NioEndpoint.java:226)
		at org.apache.tomcat.util.net.NioEndpoint.bind(NioEndpoint.java:202)
		at org.apache.tomcat.util.net.AbstractEndpoint.bindWithCleanup(AbstractEndpoint.java:1328)
		at org.apache.tomcat.util.net.AbstractEndpoint.init(AbstractEndpoint.java:1341)
		at org.apache.tomcat.util.net.AbstractJsseEndpoint.init(AbstractJsseEndpoint.java:235)
		at org.apache.coyote.AbstractProtocol.init(AbstractProtocol.java:695)
		at org.apache.coyote.http11.AbstractHttp11Protocol.init(AbstractHttp11Protocol.java:76)
		at org.apache.catalina.connector.Connector.initInternal(Connector.java:1073)
		... 13 more
04-Mar-2024 16:53:48.112 信息 [main] org.apache.catalina.startup.Catalina.load Initialization processed in 545 ms
04-Mar-2024 16:53:48.194 信息 [main] org.apache.catalina.core.StandardService.startInternal 正在启动服务[Catalina]
04-Mar-2024 16:53:48.195 信息 [main] org.apache.catalina.core.StandardEngine.startInternal 正在启动 Servlet 引擎：[Apache Tomcat/8.5.99]
04-Mar-2024 16:53:48.219 信息 [localhost-startStop-1] org.apache.catalina.startup.HostConfig.deployDescriptor 正在部署部署描述符[D:\欧阳\AndroidApp开发进阶源码\HttpServer\src\com\websocket\server\conf\Catalina\localhost\HttpServer#WebSocket.xml]。
04-Mar-2024 16:53:53.424 信息 [localhost-startStop-1] org.apache.jasper.servlet.TldScanner.scanJars 至少有一个JAR被扫描用于TLD但尚未包含TLD。 为此记录器启用调试日志记录，以获取已扫描但未在其中找到TLD的完整JAR列表。 在扫描期间跳过不需要的JAR可以缩短启动时间和JSP编译时间。
04-Mar-2024 16:53:54.110 警告 [localhost-startStop-1] org.apache.catalina.util.SessionIdGeneratorBase.createSecureRandom 使用[SHA1PRNG]创建会话ID生成的SecureRandom实例花费了[644]毫秒。
04-Mar-2024 16:53:54.129 信息 [localhost-startStop-1] org.apache.catalina.startup.HostConfig.deployDescriptor 部署描述符[D:\欧阳\AndroidApp开发进阶源码\HttpServer\src\com\websocket\server\conf\Catalina\localhost\HttpServer#WebSocket.xml]的部署已在[5,910]ms内完成
04-Mar-2024 16:53:54.132 信息 [main] org.apache.catalina.startup.Catalina.start Server startup in 6021 ms
04-Mar-2024 16:53:54.137 严重 [main] org.apache.catalina.core.StandardServer.await 无法在地址[localhost]和端口[8005]上创建服务器关闭套接字（基本端口[8005]和偏移量[0]）
	java.net.BindException: Address already in use: JVM_Bind
		at java.net.DualStackPlainSocketImpl.bind0(Native Method)
		at java.net.DualStackPlainSocketImpl.socketBind(DualStackPlainSocketImpl.java:106)
		at java.net.AbstractPlainSocketImpl.bind(AbstractPlainSocketImpl.java:387)
		at java.net.PlainSocketImpl.bind(PlainSocketImpl.java:190)
		at java.net.ServerSocket.bind(ServerSocket.java:390)
		at java.net.ServerSocket.<init>(ServerSocket.java:252)
		at org.apache.catalina.core.StandardServer.await(StandardServer.java:444)
		at org.apache.catalina.startup.Catalina.await(Catalina.java:730)
		at org.apache.catalina.startup.Catalina.start(Catalina.java:678)
		at sun.reflect.NativeMethodAccessorImpl.invoke0(Native Method)
		at sun.reflect.NativeMethodAccessorImpl.invoke(NativeMethodAccessorImpl.java:62)
		at sun.reflect.DelegatingMethodAccessorImpl.invoke(DelegatingMethodAccessorImpl.java:43)
		at java.lang.reflect.Method.invoke(Method.java:498)
		at org.apache.catalina.startup.Bootstrap.start(Bootstrap.java:345)
		at org.apache.catalina.startup.Bootstrap.main(Bootstrap.java:476)
04-Mar-2024 16:53:54.138 信息 [main] org.apache.coyote.AbstractProtocol.pause 暂停ProtocolHandler["http-nio-8080"]
04-Mar-2024 16:53:54.138 信息 [main] org.apache.catalina.core.StandardService.stopInternal 正在停止服务[Catalina]
04-Mar-2024 16:53:54.145 信息 [main] org.apache.coyote.AbstractProtocol.stop 正在停止ProtocolHandler ["http-nio-8080"]
04-Mar-2024 16:53:54.145 信息 [main] org.apache.coyote.AbstractProtocol.destroy 正在摧毁协议处理器 ["http-nio-8080"]
